{"/home/runner/work/geographqlJestAPI/geographqlJestAPI/environment/stg.js": {"path":"/home/runner/work/geographqlJestAPI/geographqlJestAPI/environment/stg.js","statementMap":{"0":{"start":{"line":1,"column":23},"end":{"line":1,"column":65}}},"fnMap":{},"branchMap":{},"s":{"0":6},"f":{},"b":{},"_coverageSchema":"1a1c01bbd47fc00a2c39e90264f33305004495a9","hash":"1808fecf1dcff13ab4bd05401090b7a2ed2553f8"}
,"/home/runner/work/geographqlJestAPI/geographqlJestAPI/graphql/query/cities/cities.js": {"path":"/home/runner/work/geographqlJestAPI/geographqlJestAPI/graphql/query/cities/cities.js","statementMap":{"0":{"start":{"line":1,"column":31},"end":{"line":34,"column":2}},"1":{"start":{"line":1,"column":44},"end":{"line":34,"column":1}}},"fnMap":{"0":{"name":"(anonymous_0)","decl":{"start":{"line":1,"column":31},"end":{"line":1,"column":32}},"loc":{"start":{"line":1,"column":44},"end":{"line":34,"column":1}},"line":1}},"branchMap":{},"s":{"0":2,"1":2},"f":{"0":2},"b":{},"_coverageSchema":"1a1c01bbd47fc00a2c39e90264f33305004495a9","hash":"28483a0db43e3c5f4b982b6a307cd6e0f12ccf46"}
,"/home/runner/work/geographqlJestAPI/geographqlJestAPI/graphql/query/cities/city.js": {"path":"/home/runner/work/geographqlJestAPI/geographqlJestAPI/graphql/query/cities/city.js","statementMap":{"0":{"start":{"line":1,"column":29},"end":{"line":15,"column":2}},"1":{"start":{"line":1,"column":42},"end":{"line":15,"column":1}}},"fnMap":{"0":{"name":"(anonymous_0)","decl":{"start":{"line":1,"column":29},"end":{"line":1,"column":30}},"loc":{"start":{"line":1,"column":42},"end":{"line":15,"column":1}},"line":1}},"branchMap":{},"s":{"0":1,"1":1},"f":{"0":1},"b":{},"_coverageSchema":"1a1c01bbd47fc00a2c39e90264f33305004495a9","hash":"d8cb5a338e81e891ff4996710fe81398e646aa5d"}
,"/home/runner/work/geographqlJestAPI/geographqlJestAPI/graphql/query/countries/countries.js": {"path":"/home/runner/work/geographqlJestAPI/geographqlJestAPI/graphql/query/countries/countries.js","statementMap":{"0":{"start":{"line":1,"column":25},"end":{"line":30,"column":2}},"1":{"start":{"line":1,"column":41},"end":{"line":30,"column":1}}},"fnMap":{"0":{"name":"(anonymous_0)","decl":{"start":{"line":1,"column":25},"end":{"line":1,"column":26}},"loc":{"start":{"line":1,"column":41},"end":{"line":30,"column":1}},"line":1}},"branchMap":{},"s":{"0":1,"1":1},"f":{"0":1},"b":{},"_coverageSchema":"1a1c01bbd47fc00a2c39e90264f33305004495a9","hash":"c1f46ef4865b67c3eca11ccdc53e7e943eacaf63"}
,"/home/runner/work/geographqlJestAPI/geographqlJestAPI/graphql/query/countries/country.js": {"path":"/home/runner/work/geographqlJestAPI/geographqlJestAPI/graphql/query/countries/country.js","statementMap":{"0":{"start":{"line":1,"column":25},"end":{"line":32,"column":2}},"1":{"start":{"line":1,"column":40},"end":{"line":32,"column":1}}},"fnMap":{"0":{"name":"(anonymous_0)","decl":{"start":{"line":1,"column":25},"end":{"line":1,"column":26}},"loc":{"start":{"line":1,"column":40},"end":{"line":32,"column":1}},"line":1}},"branchMap":{},"s":{"0":1,"1":1},"f":{"0":1},"b":{},"_coverageSchema":"1a1c01bbd47fc00a2c39e90264f33305004495a9","hash":"1de5a95f2bcc7a23c448abd3a13a33d1a4a24796"}
,"/home/runner/work/geographqlJestAPI/geographqlJestAPI/graphql/query/states/state.js": {"path":"/home/runner/work/geographqlJestAPI/geographqlJestAPI/graphql/query/states/state.js","statementMap":{"0":{"start":{"line":1,"column":30},"end":{"line":27,"column":2}},"1":{"start":{"line":1,"column":61},"end":{"line":27,"column":1}}},"fnMap":{"0":{"name":"(anonymous_0)","decl":{"start":{"line":1,"column":30},"end":{"line":1,"column":31}},"loc":{"start":{"line":1,"column":61},"end":{"line":27,"column":1}},"line":1}},"branchMap":{},"s":{"0":1,"1":1},"f":{"0":1},"b":{},"_coverageSchema":"1a1c01bbd47fc00a2c39e90264f33305004495a9","hash":"08f88fa937318054dde2e21d453255bb2b55d007"}
,"/home/runner/work/geographqlJestAPI/geographqlJestAPI/graphql/query/states/states.js": {"path":"/home/runner/work/geographqlJestAPI/geographqlJestAPI/graphql/query/states/states.js","statementMap":{"0":{"start":{"line":1,"column":31},"end":{"line":31,"column":2}},"1":{"start":{"line":1,"column":38},"end":{"line":31,"column":1}}},"fnMap":{"0":{"name":"(anonymous_0)","decl":{"start":{"line":1,"column":31},"end":{"line":1,"column":32}},"loc":{"start":{"line":1,"column":38},"end":{"line":31,"column":1}},"line":1}},"branchMap":{},"s":{"0":4,"1":4},"f":{"0":4},"b":{},"_coverageSchema":"1a1c01bbd47fc00a2c39e90264f33305004495a9","hash":"396c64c5dc37a99af9d21cd097b6c59ea9ef1e06"}
,"/home/runner/work/geographqlJestAPI/geographqlJestAPI/helpers/date/countriesISO3.js": {"path":"/home/runner/work/geographqlJestAPI/geographqlJestAPI/helpers/date/countriesISO3.js","statementMap":{"0":{"start":{"line":1,"column":29},"end":{"line":49,"column":1}}},"fnMap":{},"branchMap":{},"s":{"0":1},"f":{},"b":{},"_coverageSchema":"1a1c01bbd47fc00a2c39e90264f33305004495a9","hash":"475c50e078cd699b098cfa195ff1245fb345b879"}
,"/home/runner/work/geographqlJestAPI/geographqlJestAPI/helpers/date/subregioes.js": {"path":"/home/runner/work/geographqlJestAPI/geographqlJestAPI/helpers/date/subregioes.js","statementMap":{"0":{"start":{"line":1,"column":25},"end":{"line":27,"column":1}}},"fnMap":{},"branchMap":{},"s":{"0":1},"f":{},"b":{},"_coverageSchema":"1a1c01bbd47fc00a2c39e90264f33305004495a9","hash":"bf1932d94e8fe8a653796aaa007c0d2601d884b5"}
,"/home/runner/work/geographqlJestAPI/geographqlJestAPI/helpers/utils/index.js": {"path":"/home/runner/work/geographqlJestAPI/geographqlJestAPI/helpers/utils/index.js","statementMap":{},"fnMap":{},"branchMap":{},"s":{},"f":{},"b":{},"_coverageSchema":"1a1c01bbd47fc00a2c39e90264f33305004495a9","hash":"e8d5d990d7de504cc61954568fde2ab80f487191"}
,"/home/runner/work/geographqlJestAPI/geographqlJestAPI/helpers/utils/logs.js": {"path":"/home/runner/work/geographqlJestAPI/geographqlJestAPI/helpers/utils/logs.js","statementMap":{"0":{"start":{"line":1,"column":11},"end":{"line":1,"column":26}},"1":{"start":{"line":2,"column":11},"end":{"line":2,"column":22}},"2":{"start":{"line":3,"column":11},"end":{"line":3,"column":24}},"3":{"start":{"line":6,"column":2},"end":{"line":10,"column":4}}},"fnMap":{"0":{"name":"checkDataNull","decl":{"start":{"line":5,"column":16},"end":{"line":5,"column":29}},"loc":{"start":{"line":5,"column":56},"end":{"line":11,"column":1}},"line":5}},"branchMap":{},"s":{"0":2,"1":2,"2":2,"3":0},"f":{"0":0},"b":{},"_coverageSchema":"1a1c01bbd47fc00a2c39e90264f33305004495a9","hash":"7bc905c5c73941aa03afd7a323203b532901ff06"}
,"/home/runner/work/geographqlJestAPI/geographqlJestAPI/helpers/utils/random.js": {"path":"/home/runner/work/geographqlJestAPI/geographqlJestAPI/helpers/utils/random.js","statementMap":{"0":{"start":{"line":2,"column":2},"end":{"line":2,"column":53}},"1":{"start":{"line":6,"column":17},"end":{"line":6,"column":51}},"2":{"start":{"line":7,"column":2},"end":{"line":7,"column":25}}},"fnMap":{"0":{"name":"getRandomNumber","decl":{"start":{"line":1,"column":16},"end":{"line":1,"column":31}},"loc":{"start":{"line":1,"column":42},"end":{"line":3,"column":1}},"line":1},"1":{"name":"getObjectList","decl":{"start":{"line":5,"column":16},"end":{"line":5,"column":29}},"loc":{"start":{"line":5,"column":39},"end":{"line":8,"column":1}},"line":5}},"branchMap":{},"s":{"0":6,"1":2,"2":2},"f":{"0":6,"1":2},"b":{},"_coverageSchema":"1a1c01bbd47fc00a2c39e90264f33305004495a9","hash":"47022fe8dcb3d6af41143ac75fe45669e725bece"}
,"/home/runner/work/geographqlJestAPI/geographqlJestAPI/helpers/utils/request.js": {"path":"/home/runner/work/geographqlJestAPI/geographqlJestAPI/helpers/utils/request.js","statementMap":{"0":{"start":{"line":1,"column":16},"end":{"line":1,"column":36}},"1":{"start":{"line":3,"column":11},"end":{"line":3,"column":26}},"2":{"start":{"line":4,"column":11},"end":{"line":4,"column":22}},"3":{"start":{"line":7,"column":19},"end":{"line":11,"column":16}},"4":{"start":{"line":12,"column":2},"end":{"line":12,"column":18}}},"fnMap":{"0":{"name":"requestGraphql","decl":{"start":{"line":6,"column":22},"end":{"line":6,"column":36}},"loc":{"start":{"line":6,"column":46},"end":{"line":13,"column":1}},"line":6}},"branchMap":{},"s":{"0":6,"1":6,"2":6,"3":10,"4":10},"f":{"0":10},"b":{},"_coverageSchema":"1a1c01bbd47fc00a2c39e90264f33305004495a9","hash":"1ddf039a6c9304736b5964479562459d3a0ca4f6"}
,"/home/runner/work/geographqlJestAPI/geographqlJestAPI/helpers/utils/schemaValidator.js": {"path":"/home/runner/work/geographqlJestAPI/geographqlJestAPI/helpers/utils/schemaValidator.js","statementMap":{"0":{"start":{"line":1,"column":16},"end":{"line":1,"column":47}},"1":{"start":{"line":2,"column":8},"end":{"line":2,"column":23}},"2":{"start":{"line":3,"column":11},"end":{"line":3,"column":26}},"3":{"start":{"line":4,"column":11},"end":{"line":4,"column":22}},"4":{"start":{"line":7,"column":14},"end":{"line":7,"column":42}},"5":{"start":{"line":8,"column":2},"end":{"line":14,"column":15}}},"fnMap":{"0":{"name":"schemaValidator","decl":{"start":{"line":6,"column":16},"end":{"line":6,"column":31}},"loc":{"start":{"line":6,"column":50},"end":{"line":15,"column":1}},"line":6}},"branchMap":{},"s":{"0":6,"1":6,"2":6,"3":6,"4":6,"5":6},"f":{"0":6},"b":{},"_coverageSchema":"1a1c01bbd47fc00a2c39e90264f33305004495a9","hash":"d94990f90017b829a31eef8a5b417c93d533c58f"}
}
