TN:
SF:environment/stg.js
FNF:0
FNH:0
DA:1,6
LF:1
LH:1
BRF:0
BRH:0
end_of_record
TN:
SF:graphql/query/cities/cities.js
FN:1,(anonymous_0)
FNF:1
FNH:1
FNDA:2,(anonymous_0)
DA:1,2
LF:1
LH:1
BRF:0
BRH:0
end_of_record
TN:
SF:graphql/query/cities/city.js
FN:1,(anonymous_0)
FNF:1
FNH:1
FNDA:1,(anonymous_0)
DA:1,1
LF:1
LH:1
BRF:0
BRH:0
end_of_record
TN:
SF:graphql/query/countries/countries.js
FN:1,(anonymous_0)
FNF:1
FNH:1
FNDA:1,(anonymous_0)
DA:1,1
LF:1
LH:1
BRF:0
BRH:0
end_of_record
TN:
SF:graphql/query/countries/country.js
FN:1,(anonymous_0)
FNF:1
FNH:1
FNDA:1,(anonymous_0)
DA:1,1
LF:1
LH:1
BRF:0
BRH:0
end_of_record
TN:
SF:graphql/query/states/state.js
FN:1,(anonymous_0)
FNF:1
FNH:1
FNDA:1,(anonymous_0)
DA:1,1
LF:1
LH:1
BRF:0
BRH:0
end_of_record
TN:
SF:graphql/query/states/states.js
FN:1,(anonymous_0)
FNF:1
FNH:1
FNDA:4,(anonymous_0)
DA:1,4
LF:1
LH:1
BRF:0
BRH:0
end_of_record
TN:
SF:helpers/date/countriesISO3.js
FNF:0
FNH:0
DA:1,1
LF:1
LH:1
BRF:0
BRH:0
end_of_record
TN:
SF:helpers/date/subregioes.js
FNF:0
FNH:0
DA:1,1
LF:1
LH:1
BRF:0
BRH:0
end_of_record
TN:
SF:helpers/utils/index.js
FNF:0
FNH:0
LF:0
LH:0
BRF:0
BRH:0
end_of_record
TN:
SF:helpers/utils/logs.js
FN:5,checkDataNull
FNF:1
FNH:0
FNDA:0,checkDataNull
DA:1,2
DA:2,2
DA:3,2
DA:6,0
LF:4
LH:3
BRF:0
BRH:0
end_of_record
TN:
SF:helpers/utils/random.js
FN:1,getRandomNumber
FN:5,getObjectList
FNF:2
FNH:2
FNDA:6,getRandomNumber
FNDA:2,getObjectList
DA:2,6
DA:6,2
DA:7,2
LF:3
LH:3
BRF:0
BRH:0
end_of_record
TN:
SF:helpers/utils/request.js
FN:6,requestGraphql
FNF:1
FNH:1
FNDA:10,requestGraphql
DA:1,6
DA:3,6
DA:4,6
DA:7,10
DA:12,10
LF:5
LH:5
BRF:0
BRH:0
end_of_record
TN:
SF:helpers/utils/schemaValidator.js
FN:6,schemaValidator
FNF:1
FNH:1
FNDA:6,schemaValidator
DA:1,6
DA:2,6
DA:3,6
DA:4,6
DA:7,6
DA:8,6
LF:6
LH:6
BRF:0
BRH:0
end_of_record
